{
  "stats": {
    "suites": 1,
    "tests": 1,
    "passes": 0,
    "pending": 0,
    "failures": 1,
    "start": "2021-08-01T15:17:32.942Z",
    "end": "2021-08-01T15:17:49.109Z",
    "duration": 16167,
    "testsRegistered": 1,
    "passPercent": 0,
    "pendingPercent": 0,
    "other": 0,
    "hasOther": false,
    "skipped": 0,
    "hasSkipped": false
  },
  "results": [
    {
      "uuid": "71559642-f0fc-4ad7-96a8-c92ff0c9c6fd",
      "title": "",
      "fullFile": "cypress/integration/smoke-test/day05_paylinn_login.js",
      "file": "cypress/integration/smoke-test/day05_paylinn_login.js",
      "beforeHooks": [],
      "afterHooks": [],
      "tests": [],
      "suites": [
        {
          "uuid": "76baa10f-5f57-4d05-af1d-47966ff7d13d",
          "title": "PAYLINN",
          "fullFile": "",
          "file": "",
          "beforeHooks": [],
          "afterHooks": [],
          "tests": [
            {
              "title": "Paylinn login test",
              "fullTitle": "PAYLINN Paylinn login test",
              "timedOut": null,
              "duration": 6988,
              "state": "failed",
              "speed": null,
              "pass": false,
              "fail": true,
              "pending": false,
              "context": null,
              "code": "// going to the application\ncy.visit('https://paylinn.com/'); //clicking on sign in \ncy.contains('Sign In').click(); //entering username\ncy.get(':nth-child(1) > .MuiFormControl-root > .MuiInputBase-root > .MuiInputBase-input').type('User'); //entering password\ncy.get(':nth-child(2) > .MuiFormControl-root > .MuiInputBase-root > .MuiInputBase-input').type('user'); //clicking on the sign in button\ncy.get('.MuiButton-label').click(); //verifying the log in successfull\ncy.get('.header__nav > :nth-child(1) > .header__lineOne').should('contain.text', 'Welcomee');",
              "err": {
                "message": "AssertionError: Timed out retrying after 4000ms: expected '<span.header__lineOne>' to contain text 'Welcomee', but the text was 'Welcome'",
                "estack": "AssertionError: Timed out retrying after 4000ms: expected '<span.header__lineOne>' to contain text 'Welcomee', but the text was 'Welcome'\n    at Context.eval (https://paylinn.com/__cypress/tests?p=cypress/integration/smoke-test/day05_paylinn_login.js:112:63)",
                "diff": "- 'Welcome'\n+ 'Welcomee'\n"
              },
              "uuid": "f99d2f6c-2c0b-420b-89ef-832c60344867",
              "parentUUID": "76baa10f-5f57-4d05-af1d-47966ff7d13d",
              "isHook": false,
              "skipped": false
            }
          ],
          "suites": [],
          "passes": [],
          "failures": [
            "f99d2f6c-2c0b-420b-89ef-832c60344867"
          ],
          "pending": [],
          "skipped": [],
          "duration": 6988,
          "root": false,
          "rootEmpty": false,
          "_timeout": 2000
        }
      ],
      "passes": [],
      "failures": [],
      "pending": [],
      "skipped": [],
      "duration": 0,
      "root": true,
      "rootEmpty": true,
      "_timeout": 2000
    }
  ],
  "meta": {
    "mocha": {
      "version": "7.0.1"
    },
    "mochawesome": {
      "options": {
        "quiet": false,
        "reportFilename": "report",
        "saveHtml": true,
        "saveJson": true,
        "consoleReporter": "spec",
        "useInlineDiffs": false,
        "code": true
      },
      "version": "6.2.2"
    },
    "marge": {
      "options": {
        "reportDir": "cypress/reports",
        "reportFilename": "report",
        "overwrite": false,
        "html": true,
        "json": true,
        "charts": true
      },
      "version": "5.2.0"
    }
  }
}