{
  "stats": {
    "suites": 1,
    "tests": 1,
    "passes": 1,
    "pending": 0,
    "failures": 0,
    "start": "2021-07-25T20:17:05.697Z",
    "end": "2021-07-25T20:17:14.454Z",
    "duration": 8757,
    "testsRegistered": 1,
    "passPercent": 100,
    "pendingPercent": 0,
    "other": 0,
    "hasOther": false,
    "skipped": 0,
    "hasSkipped": false
  },
  "results": [
    {
      "uuid": "53b9af7b-ccb2-4fcc-9096-f2eab822ec8e",
      "title": "",
      "fullFile": "cypress/integration/com.techproed/day04_mocha_hooks.js",
      "file": "cypress/integration/com.techproed/day04_mocha_hooks.js",
      "beforeHooks": [],
      "afterHooks": [],
      "tests": [],
      "suites": [
        {
          "uuid": "387ff612-d218-4e2a-8858-339f01199261",
          "title": "Hooks",
          "fullFile": "",
          "file": "",
          "beforeHooks": [],
          "afterHooks": [],
          "tests": [
            {
              "title": "Hooks test",
              "fullTitle": "Hooks Hooks test",
              "timedOut": null,
              "duration": 3197,
              "state": "passed",
              "speed": "slow",
              "pass": true,
              "fail": false,
              "pending": false,
              "context": null,
              "code": "cy.contains('Log in').click();",
              "err": {},
              "uuid": "5ae291ec-7199-429b-a28f-9c27e7ee6c7c",
              "parentUUID": "387ff612-d218-4e2a-8858-339f01199261",
              "isHook": false,
              "skipped": false
            }
          ],
          "suites": [],
          "passes": [
            "5ae291ec-7199-429b-a28f-9c27e7ee6c7c"
          ],
          "failures": [],
          "pending": [],
          "skipped": [],
          "duration": 3197,
          "root": false,
          "rootEmpty": false,
          "_timeout": 2000
        }
      ],
      "passes": [],
      "failures": [],
      "pending": [],
      "skipped": [],
      "duration": 0,
      "root": true,
      "rootEmpty": true,
      "_timeout": 2000
    }
  ],
  "meta": {
    "mocha": {
      "version": "7.0.1"
    },
    "mochawesome": {
      "options": {
        "quiet": false,
        "reportFilename": "report",
        "saveHtml": true,
        "saveJson": true,
        "consoleReporter": "spec",
        "useInlineDiffs": false,
        "code": true
      },
      "version": "6.2.2"
    },
    "marge": {
      "options": {
        "reportDir": "cypress/reports",
        "reportFilename": "report",
        "overwrite": false,
        "html": true,
        "json": true,
        "charts": true
      },
      "version": "5.2.0"
    }
  }
}