{
  "stats": {
    "suites": 1,
    "tests": 1,
    "passes": 1,
    "pending": 0,
    "failures": 0,
    "start": "2021-07-25T20:16:54.777Z",
    "end": "2021-07-25T20:17:04.579Z",
    "duration": 9802,
    "testsRegistered": 1,
    "passPercent": 100,
    "pendingPercent": 0,
    "other": 0,
    "hasOther": false,
    "skipped": 0,
    "hasSkipped": false
  },
  "results": [
    {
      "uuid": "028bef7b-c509-4afc-a76e-e73ed33685ad",
      "title": "",
      "fullFile": "cypress/integration/com.techproed/day04_file_upload.js",
      "file": "cypress/integration/com.techproed/day04_file_upload.js",
      "beforeHooks": [],
      "afterHooks": [],
      "tests": [],
      "suites": [
        {
          "uuid": "7bf2c325-a55e-4afa-8707-57c007e5d7be",
          "title": "File Upload",
          "fullFile": "",
          "file": "",
          "beforeHooks": [],
          "afterHooks": [],
          "tests": [
            {
              "title": "multiple file upload",
              "fullTitle": "File Upload multiple file upload",
              "timedOut": null,
              "duration": 8307,
              "state": "passed",
              "speed": "slow",
              "pass": true,
              "fail": false,
              "pending": false,
              "context": null,
              "code": "cy.visit('https://davidwalsh.name/demo/multiple-file-upload.php'); //path of all images\nconst path1 = 'image1.jpeg';\nconst path2 = 'image2.jpeg';\nconst path3 = 'image3.jpeg'; //This will override the previous files\n//Below will keep the last file only\ncy.get('#filesToUpload').attachFile(path1).wait(3000).attachFile(path2).wait(3000).attachFile(path3); //Assertion\ncy.get(':nth-child(6) > strong').should('contain.text', 'Files You Selected:');",
              "err": {},
              "uuid": "870274d9-e77f-4776-a7ca-8653134d285d",
              "parentUUID": "7bf2c325-a55e-4afa-8707-57c007e5d7be",
              "isHook": false,
              "skipped": false
            }
          ],
          "suites": [],
          "passes": [
            "870274d9-e77f-4776-a7ca-8653134d285d"
          ],
          "failures": [],
          "pending": [],
          "skipped": [],
          "duration": 8307,
          "root": false,
          "rootEmpty": false,
          "_timeout": 2000
        }
      ],
      "passes": [],
      "failures": [],
      "pending": [],
      "skipped": [],
      "duration": 0,
      "root": true,
      "rootEmpty": true,
      "_timeout": 2000
    }
  ],
  "meta": {
    "mocha": {
      "version": "7.0.1"
    },
    "mochawesome": {
      "options": {
        "quiet": false,
        "reportFilename": "report",
        "saveHtml": true,
        "saveJson": true,
        "consoleReporter": "spec",
        "useInlineDiffs": false,
        "code": true
      },
      "version": "6.2.2"
    },
    "marge": {
      "options": {
        "reportDir": "cypress/reports",
        "reportFilename": "report",
        "overwrite": false,
        "html": true,
        "json": true,
        "charts": true
      },
      "version": "5.2.0"
    }
  }
}