{
  "stats": {
    "suites": 1,
    "tests": 1,
    "passes": 1,
    "pending": 0,
    "failures": 0,
    "start": "2021-08-01T15:17:24.994Z",
    "end": "2021-08-01T15:17:31.879Z",
    "duration": 6885,
    "testsRegistered": 1,
    "passPercent": 100,
    "pendingPercent": 0,
    "other": 0,
    "hasOther": false,
    "skipped": 0,
    "hasSkipped": false
  },
  "results": [
    {
      "uuid": "0cc82b59-4916-4194-892f-1783cc60f84a",
      "title": "",
      "fullFile": "cypress/integration/smoke-test/day01_login_test.js",
      "file": "cypress/integration/smoke-test/day01_login_test.js",
      "beforeHooks": [],
      "afterHooks": [],
      "tests": [],
      "suites": [
        {
          "uuid": "17d84180-a0c0-4166-ae2b-baf46b46f68b",
          "title": "Go to the application",
          "fullFile": "",
          "file": "",
          "beforeHooks": [],
          "afterHooks": [],
          "tests": [
            {
              "title": "Test Case 1",
              "fullTitle": "Go to the application Test Case 1",
              "timedOut": null,
              "duration": 5252,
              "state": "passed",
              "speed": "slow",
              "pass": true,
              "fail": false,
              "pending": false,
              "context": null,
              "code": "// visit () => to go to the URL\ncy.visit('https://qa-environment.crystalkeyhotels.com/'); //clicking on Log in\n//Finding the elements \n//whose text includes 'Log in'\n//Then clicking on it\ncy.contains('Log in').click(); //get() is used to find element.\n//Find username and type 'manager'\n//type is used to type in input box\ncy.get('#UserName').type('manager'); // driver.findElement(By.cssLocator('#UserName')).sendKeys('manager')\n//Find password and type 'Manager2!'\ncy.get('#Password').type('Manager2!'); //Click on the submit button\n//click() is ised to click on the buttons\ncy.get('#btnSubmit').click();",
              "err": {},
              "uuid": "31746da8-f1a3-4ea2-913d-c049806ddb61",
              "parentUUID": "17d84180-a0c0-4166-ae2b-baf46b46f68b",
              "isHook": false,
              "skipped": false
            }
          ],
          "suites": [],
          "passes": [
            "31746da8-f1a3-4ea2-913d-c049806ddb61"
          ],
          "failures": [],
          "pending": [],
          "skipped": [],
          "duration": 5252,
          "root": false,
          "rootEmpty": false,
          "_timeout": 2000
        }
      ],
      "passes": [],
      "failures": [],
      "pending": [],
      "skipped": [],
      "duration": 0,
      "root": true,
      "rootEmpty": true,
      "_timeout": 2000
    }
  ],
  "meta": {
    "mocha": {
      "version": "7.0.1"
    },
    "mochawesome": {
      "options": {
        "quiet": false,
        "reportFilename": "report",
        "saveHtml": true,
        "saveJson": true,
        "consoleReporter": "spec",
        "useInlineDiffs": false,
        "code": true
      },
      "version": "6.2.2"
    },
    "marge": {
      "options": {
        "reportDir": "cypress/reports",
        "reportFilename": "report",
        "overwrite": false,
        "html": true,
        "json": true,
        "charts": true
      },
      "version": "5.2.0"
    }
  }
}