{
  "stats": {
    "suites": 1,
    "tests": 1,
    "passes": 1,
    "pending": 0,
    "failures": 0,
    "start": "2021-07-25T20:17:15.588Z",
    "end": "2021-07-25T20:17:27.308Z",
    "duration": 11720,
    "testsRegistered": 1,
    "passPercent": 100,
    "pendingPercent": 0,
    "other": 0,
    "hasOther": false,
    "skipped": 0,
    "hasSkipped": false
  },
  "results": [
    {
      "uuid": "0f41a647-ee98-4d6f-bb7e-f7c7376feab5",
      "title": "",
      "fullFile": "cypress/integration/com.techproed/day04_viewports.js",
      "file": "cypress/integration/com.techproed/day04_viewports.js",
      "beforeHooks": [],
      "afterHooks": [],
      "tests": [],
      "suites": [
        {
          "uuid": "dfc64dc3-3c20-4df2-96d0-f45308550a24",
          "title": "Viewports",
          "fullFile": "",
          "file": "",
          "beforeHooks": [],
          "afterHooks": [],
          "tests": [
            {
              "title": "view with certain pixals",
              "fullTitle": "Viewports view with certain pixals",
              "timedOut": null,
              "duration": 9647,
              "state": "passed",
              "speed": "slow",
              "pass": true,
              "fail": false,
              "pending": false,
              "context": null,
              "code": "cy.visit('www.amazon.com');\ncy.viewport(2000, 1000);\ncy.screenshot();",
              "err": {},
              "uuid": "6b10906f-c5af-40b6-9a2a-2a175b8f952a",
              "parentUUID": "dfc64dc3-3c20-4df2-96d0-f45308550a24",
              "isHook": false,
              "skipped": false
            }
          ],
          "suites": [],
          "passes": [
            "6b10906f-c5af-40b6-9a2a-2a175b8f952a"
          ],
          "failures": [],
          "pending": [],
          "skipped": [],
          "duration": 9647,
          "root": false,
          "rootEmpty": false,
          "_timeout": 2000
        }
      ],
      "passes": [],
      "failures": [],
      "pending": [],
      "skipped": [],
      "duration": 0,
      "root": true,
      "rootEmpty": true,
      "_timeout": 2000
    }
  ],
  "meta": {
    "mocha": {
      "version": "7.0.1"
    },
    "mochawesome": {
      "options": {
        "quiet": false,
        "reportFilename": "report",
        "saveHtml": true,
        "saveJson": true,
        "consoleReporter": "spec",
        "useInlineDiffs": false,
        "code": true
      },
      "version": "6.2.2"
    },
    "marge": {
      "options": {
        "reportDir": "cypress/reports",
        "reportFilename": "report",
        "overwrite": false,
        "html": true,
        "json": true,
        "charts": true
      },
      "version": "5.2.0"
    }
  }
}