{
  "stats": {
    "suites": 1,
    "tests": 1,
    "passes": 1,
    "pending": 0,
    "failures": 0,
    "start": "2021-07-25T20:16:44.795Z",
    "end": "2021-07-25T20:16:53.639Z",
    "duration": 8844,
    "testsRegistered": 1,
    "passPercent": 100,
    "pendingPercent": 0,
    "other": 0,
    "hasOther": false,
    "skipped": 0,
    "hasSkipped": false
  },
  "results": [
    {
      "uuid": "2e5ce87b-a29f-4470-8766-5729dbf65388",
      "title": "",
      "fullFile": "cypress/integration/com.techproed/day04_custom_search.js",
      "file": "cypress/integration/com.techproed/day04_custom_search.js",
      "beforeHooks": [],
      "afterHooks": [],
      "tests": [],
      "suites": [
        {
          "uuid": "b1ec6a48-7083-4a4e-af29-28cd556f2f07",
          "title": "Search",
          "fullFile": "",
          "file": "",
          "beforeHooks": [],
          "afterHooks": [],
          "tests": [
            {
              "title": "amazon search",
              "fullTitle": "Search amazon search",
              "timedOut": null,
              "duration": 7420,
              "state": "passed",
              "speed": "slow",
              "pass": true,
              "fail": false,
              "pending": false,
              "context": null,
              "code": "//amazonSearch('teapot') comes from the commends.js\ncy.amazonSearch('teapot');\ncy.get('.a-color-state').should('have.text', '\"teapot\"');\ncy.title().should('include', 'teapot');",
              "err": {},
              "uuid": "738f9c2b-30a7-4e4c-a367-e77fd9adb7e1",
              "parentUUID": "b1ec6a48-7083-4a4e-af29-28cd556f2f07",
              "isHook": false,
              "skipped": false
            }
          ],
          "suites": [],
          "passes": [
            "738f9c2b-30a7-4e4c-a367-e77fd9adb7e1"
          ],
          "failures": [],
          "pending": [],
          "skipped": [],
          "duration": 7420,
          "root": false,
          "rootEmpty": false,
          "_timeout": 2000
        }
      ],
      "passes": [],
      "failures": [],
      "pending": [],
      "skipped": [],
      "duration": 0,
      "root": true,
      "rootEmpty": true,
      "_timeout": 2000
    }
  ],
  "meta": {
    "mocha": {
      "version": "7.0.1"
    },
    "mochawesome": {
      "options": {
        "quiet": false,
        "reportFilename": "report",
        "saveHtml": true,
        "saveJson": true,
        "consoleReporter": "spec",
        "useInlineDiffs": false,
        "code": true
      },
      "version": "6.2.2"
    },
    "marge": {
      "options": {
        "reportDir": "cypress/reports",
        "reportFilename": "report",
        "overwrite": false,
        "html": true,
        "json": true,
        "charts": true
      },
      "version": "5.2.0"
    }
  }
}