{
  "stats": {
    "suites": 1,
    "tests": 1,
    "passes": 1,
    "pending": 0,
    "failures": 0,
    "start": "2021-07-25T20:14:41.845Z",
    "end": "2021-07-25T20:14:44.982Z",
    "duration": 3137,
    "testsRegistered": 1,
    "passPercent": 100,
    "pendingPercent": 0,
    "other": 0,
    "hasOther": false,
    "skipped": 0,
    "hasSkipped": false
  },
  "results": [
    {
      "uuid": "bd3a03ea-db89-4a07-b864-cb44096cbca5",
      "title": "",
      "fullFile": "cypress/integration/com.techproed/day01_launch_browser.js",
      "file": "cypress/integration/com.techproed/day01_launch_browser.js",
      "beforeHooks": [],
      "afterHooks": [],
      "tests": [],
      "suites": [
        {
          "uuid": "bc1203c8-619a-4e14-b9b2-4411c8cd9626",
          "title": "Go to the application",
          "fullFile": "",
          "file": "",
          "beforeHooks": [],
          "afterHooks": [],
          "tests": [
            {
              "title": "Test Case 1",
              "fullTitle": "Go to the application Test Case 1",
              "timedOut": null,
              "duration": 2123,
              "state": "passed",
              "speed": "slow",
              "pass": true,
              "fail": false,
              "pending": false,
              "context": null,
              "code": "// visit () => to go to the URL\ncy.visit('https://qa-environment.crystalkeyhotels.com/'); //clicking on Log in\n//Finding the elements \n//whose text includes 'Log in'\n//Then clicking on it\ncy.contains('Log in').click(); //Verifying if the user is on the Login page\n//I will check if the new url contains /Account/Logon\ncy.url().should('include', '/Account/Logon');",
              "err": {},
              "uuid": "d56ff84c-5b97-4175-8576-9b5cb6f5ca85",
              "parentUUID": "bc1203c8-619a-4e14-b9b2-4411c8cd9626",
              "isHook": false,
              "skipped": false
            }
          ],
          "suites": [],
          "passes": [
            "d56ff84c-5b97-4175-8576-9b5cb6f5ca85"
          ],
          "failures": [],
          "pending": [],
          "skipped": [],
          "duration": 2123,
          "root": false,
          "rootEmpty": false,
          "_timeout": 2000
        }
      ],
      "passes": [],
      "failures": [],
      "pending": [],
      "skipped": [],
      "duration": 0,
      "root": true,
      "rootEmpty": true,
      "_timeout": 2000
    }
  ],
  "meta": {
    "mocha": {
      "version": "7.0.1"
    },
    "mochawesome": {
      "options": {
        "quiet": false,
        "reportFilename": "report",
        "saveHtml": true,
        "saveJson": true,
        "consoleReporter": "spec",
        "useInlineDiffs": false,
        "code": true
      },
      "version": "6.2.2"
    },
    "marge": {
      "options": {
        "reportDir": "cypress/reports",
        "reportFilename": "report",
        "overwrite": false,
        "html": true,
        "json": true,
        "charts": true
      },
      "version": "5.2.0"
    }
  }
}