{
  "stats": {
    "suites": 1,
    "tests": 1,
    "passes": 1,
    "pending": 1,
    "failures": -1,
    "start": "2021-07-31T05:27:39.342Z",
    "end": "2021-07-31T05:27:43.321Z",
    "duration": 3979,
    "testsRegistered": 2,
    "passPercent": 100,
    "pendingPercent": 50,
    "other": 1,
    "hasOther": true,
    "skipped": 1,
    "hasSkipped": true
  },
  "results": [
    {
      "uuid": "33a70147-07a4-4344-89fb-a0c895e51b29",
      "title": "",
      "fullFile": "cypress/integration/com.techproed/day02_basic_navigations.js",
      "file": "cypress/integration/com.techproed/day02_basic_navigations.js",
      "beforeHooks": [],
      "afterHooks": [],
      "tests": [],
      "suites": [
        {
          "uuid": "848b60ac-322e-4756-82bd-57734e9c3593",
          "title": "navigations",
          "fullFile": "",
          "file": "",
          "beforeHooks": [],
          "afterHooks": [],
          "tests": [
            {
              "title": "back, forward, refresh",
              "fullTitle": "navigations back, forward, refresh",
              "timedOut": null,
              "duration": 0,
              "state": "pending",
              "speed": null,
              "pass": false,
              "fail": false,
              "pending": true,
              "context": null,
              "code": "",
              "err": {},
              "uuid": "dc2ad76f-1358-48b3-94f6-973cf488ed4b",
              "parentUUID": "848b60ac-322e-4756-82bd-57734e9c3593",
              "isHook": false,
              "skipped": false
            },
            {
              "title": "chaining the navigations",
              "fullTitle": "navigations chaining the navigations",
              "timedOut": null,
              "duration": 3141,
              "state": "passed",
              "speed": "slow",
              "pass": true,
              "fail": false,
              "pending": false,
              "context": null,
              "code": "//WE CAN CHAIN THE FUNCTION\ncy.visit('https://qa-environment.crystalkeyhotels.com/'); //chaining the methods\ncy.contains('Log in').click().go('back').go('forward').go('back'); //forcing to reload. Note that we do not need to force here\n//And verify the Log in link is visible\ncy.reload(true) //true means force\n.contains('Log in') //getting the Log in element\n.should('be.visible'); //asserting if the element is visible",
              "err": {},
              "uuid": "f1ada6de-bb8b-4ae2-b08d-f08752b041fa",
              "parentUUID": "848b60ac-322e-4756-82bd-57734e9c3593",
              "isHook": false,
              "skipped": false
            }
          ],
          "suites": [],
          "passes": [
            "f1ada6de-bb8b-4ae2-b08d-f08752b041fa"
          ],
          "failures": [],
          "pending": [
            "dc2ad76f-1358-48b3-94f6-973cf488ed4b"
          ],
          "skipped": [],
          "duration": 3141,
          "root": false,
          "rootEmpty": false,
          "_timeout": 2000
        }
      ],
      "passes": [],
      "failures": [],
      "pending": [],
      "skipped": [],
      "duration": 0,
      "root": true,
      "rootEmpty": true,
      "_timeout": 2000
    }
  ],
  "meta": {
    "mocha": {
      "version": "7.0.1"
    },
    "mochawesome": {
      "options": {
        "quiet": false,
        "reportFilename": "report",
        "saveHtml": true,
        "saveJson": true,
        "consoleReporter": "spec",
        "useInlineDiffs": false,
        "code": true
      },
      "version": "6.2.2"
    },
    "marge": {
      "options": {
        "reportDir": "cypress/reports",
        "reportFilename": "report",
        "overwrite": false,
        "html": true,
        "json": true,
        "charts": true
      },
      "version": "5.2.0"
    }
  }
}