{
  "stats": {
    "suites": 1,
    "tests": 1,
    "passes": 1,
    "pending": 0,
    "failures": 0,
    "start": "2021-07-31T05:27:56.555Z",
    "end": "2021-07-31T05:28:05.894Z",
    "duration": 9339,
    "testsRegistered": 1,
    "passPercent": 100,
    "pendingPercent": 0,
    "other": 0,
    "hasOther": false,
    "skipped": 0,
    "hasSkipped": false
  },
  "results": [
    {
      "uuid": "b0a0ae79-5810-4c88-9f3e-163ada4ca7d1",
      "title": "",
      "fullFile": "cypress/integration/com.techproed/day02_hover_over.js",
      "file": "cypress/integration/com.techproed/day02_hover_over.js",
      "beforeHooks": [],
      "afterHooks": [],
      "tests": [],
      "suites": [
        {
          "uuid": "b182e3ed-0442-4661-819e-17fc030c68b7",
          "title": "move over",
          "fullFile": "",
          "file": "",
          "beforeHooks": [],
          "afterHooks": [],
          "tests": [
            {
              "title": "move over",
              "fullTitle": "move over move over",
              "timedOut": null,
              "duration": 7612,
              "state": "passed",
              "speed": "slow",
              "pass": true,
              "fail": false,
              "pending": false,
              "context": null,
              "code": "cy.visit('https://www.amazon.com/');\ncy.get('.icp-nav-link-inner') //getting the element \n.trigger('mouseover'); //moving the mouse over\ncy.wait(3000);\n/*Test Case\nclick on Change country/region\nselect Canada from the dropdown\n*/\n//click on Change country/region\ncy.contains('Change country/region').click(); //select Canada from the dropdown\ncy.get('#icp-selected-country').select('Canada', {\n  force: true\n});",
              "err": {},
              "uuid": "1bdb3fa3-e243-42b1-a3bd-66a354335023",
              "parentUUID": "b182e3ed-0442-4661-819e-17fc030c68b7",
              "isHook": false,
              "skipped": false
            }
          ],
          "suites": [],
          "passes": [
            "1bdb3fa3-e243-42b1-a3bd-66a354335023"
          ],
          "failures": [],
          "pending": [],
          "skipped": [],
          "duration": 7612,
          "root": false,
          "rootEmpty": false,
          "_timeout": 2000
        }
      ],
      "passes": [],
      "failures": [],
      "pending": [],
      "skipped": [],
      "duration": 0,
      "root": true,
      "rootEmpty": true,
      "_timeout": 2000
    }
  ],
  "meta": {
    "mocha": {
      "version": "7.0.1"
    },
    "mochawesome": {
      "options": {
        "quiet": false,
        "reportFilename": "report",
        "saveHtml": true,
        "saveJson": true,
        "consoleReporter": "spec",
        "useInlineDiffs": false,
        "code": true
      },
      "version": "6.2.2"
    },
    "marge": {
      "options": {
        "reportDir": "cypress/reports",
        "reportFilename": "report",
        "overwrite": false,
        "html": true,
        "json": true,
        "charts": true
      },
      "version": "5.2.0"
    }
  }
}